<?xml version="1.0" encoding="UTF-8"?>
<!-- Generated by org.testng.reporters.JUnitReportReporter -->
<testsuite hostname="LAPTOP-9ORMJ2BP" failures="0" tests="4" name="TestClass" time="16.855" errors="0" timestamp="2022-08-02T09:59:34 IST" skipped="0">
  <testcase classname="TestClass" name="loginverify" time="4.077"/>
  <system-out/>
  <testcase classname="TestClass" name="loginverify" time="4.127"/>
  <system-out/>
  <testcase classname="TestClass" name="loginverify" time="4.395"/>
  <system-out/>
  <testcase classname="TestClass" name="loginverify" time="4.256"/>
  <system-out/>
</testsuite> <!-- TestClass -->
